[debug] [2023-10-21T11:36:13.444Z] ----------------------------------------------------------------------
[debug] [2023-10-21T11:36:13.450Z] Command:       C:\Program Files\nodejs\node.exe C:\Users\touzi\AppData\Roaming\npm\node_modules\firebase-tools\lib\bin\firebase.js deploy
[debug] [2023-10-21T11:36:13.451Z] CLI Version:   12.7.0
[debug] [2023-10-21T11:36:13.452Z] Platform:      win32
[debug] [2023-10-21T11:36:13.452Z] Node Version:  v18.14.2
[debug] [2023-10-21T11:36:13.455Z] Time:          Sat Oct 21 2023 12:36:13 GMT+0100 (heure normale d’Afrique de l’Ouest)
[debug] [2023-10-21T11:36:13.456Z] ----------------------------------------------------------------------
[debug] 
[debug] [2023-10-21T11:36:13.816Z] > command requires scopes: ["email","openid","https://www.googleapis.com/auth/cloudplatformprojects.readonly","https://www.googleapis.com/auth/firebase","https://www.googleapis.com/auth/cloud-platform"]
[debug] [2023-10-21T11:36:13.819Z] > authorizing via signed-in user (rayen3touzi@gmail.com)
[debug] [2023-10-21T11:36:13.820Z] [iam] checking project hamla-a97af for permissions ["firebase.projects.get","firebasehosting.sites.update"]
[debug] [2023-10-21T11:36:13.829Z] > refreshing access token with scopes: []
[debug] [2023-10-21T11:36:13.836Z] >>> [apiv2][query] POST https://www.googleapis.com/oauth2/v3/token [none]
[debug] [2023-10-21T11:36:13.837Z] >>> [apiv2][body] POST https://www.googleapis.com/oauth2/v3/token [omitted]
[debug] [2023-10-21T11:36:17.193Z] <<< [apiv2][status] POST https://www.googleapis.com/oauth2/v3/token 200
[debug] [2023-10-21T11:36:17.193Z] <<< [apiv2][body] POST https://www.googleapis.com/oauth2/v3/token [omitted]
[debug] [2023-10-21T11:36:17.209Z] >>> [apiv2][query] POST https://cloudresourcemanager.googleapis.com/v1/projects/hamla-a97af:testIamPermissions [none]
[debug] [2023-10-21T11:36:17.209Z] >>> [apiv2][(partial)header] POST https://cloudresourcemanager.googleapis.com/v1/projects/hamla-a97af:testIamPermissions x-goog-quota-user=projects/hamla-a97af
[debug] [2023-10-21T11:36:17.209Z] >>> [apiv2][body] POST https://cloudresourcemanager.googleapis.com/v1/projects/hamla-a97af:testIamPermissions {"permissions":["firebase.projects.get","firebasehosting.sites.update"]}
[debug] [2023-10-21T11:36:18.212Z] <<< [apiv2][status] POST https://cloudresourcemanager.googleapis.com/v1/projects/hamla-a97af:testIamPermissions 200
[debug] [2023-10-21T11:36:18.212Z] <<< [apiv2][body] POST https://cloudresourcemanager.googleapis.com/v1/projects/hamla-a97af:testIamPermissions {"permissions":["firebase.projects.get","firebasehosting.sites.update"]}
[debug] [2023-10-21T11:36:18.216Z] >>> [apiv2][query] GET https://firebase.googleapis.com/v1beta1/projects/hamla-a97af [none]
[debug] [2023-10-21T11:36:19.349Z] <<< [apiv2][status] GET https://firebase.googleapis.com/v1beta1/projects/hamla-a97af 200
[debug] [2023-10-21T11:36:19.349Z] <<< [apiv2][body] GET https://firebase.googleapis.com/v1beta1/projects/hamla-a97af {"projectId":"hamla-a97af","projectNumber":"329581392709","displayName":"hamla","name":"projects/hamla-a97af","resources":{"hostingSite":"hamla-a97af"},"state":"ACTIVE","etag":"1_164c6725-5009-48b0-90f1-f20bfa0dbae0"}
[info] 
[info] === Deploying to 'hamla-a97af'...
[info] 
[info] i  deploying hosting 
[debug] [2023-10-21T11:36:19.365Z] >>> [apiv2][query] POST https://firebasehosting.googleapis.com/v1beta1/projects/-/sites/hamla-a97af/versions [none]
[debug] [2023-10-21T11:36:19.365Z] >>> [apiv2][body] POST https://firebasehosting.googleapis.com/v1beta1/projects/-/sites/hamla-a97af/versions {"status":"CREATED","labels":{"deployment-tool":"cli-firebase"}}
[debug] [2023-10-21T11:36:20.862Z] <<< [apiv2][status] POST https://firebasehosting.googleapis.com/v1beta1/projects/-/sites/hamla-a97af/versions 200
[debug] [2023-10-21T11:36:20.863Z] <<< [apiv2][body] POST https://firebasehosting.googleapis.com/v1beta1/projects/-/sites/hamla-a97af/versions {"name":"projects/329581392709/sites/hamla-a97af/versions/cd3f811d81127a99","status":"CREATED","config":{},"labels":{"deployment-tool":"cli-firebase"}}
[info] i  hosting[hamla-a97af]: beginning deploy... 
[info] i  hosting[hamla-a97af]: found 23 files in dist 
[debug] [2023-10-21T11:36:20.909Z] [hosting] uploading with 200 concurrency
[debug] [2023-10-21T11:36:20.928Z] [hosting] hash cache [ZGlzdA] stored for 23 files
[debug] [2023-10-21T11:36:20.928Z] [hosting][hash queue][FINAL] {"max":7,"min":1,"avg":1,"active":0,"complete":23,"success":23,"errored":0,"retried":0,"total":23,"elapsed":13}
[debug] [2023-10-21T11:36:20.929Z] >>> [apiv2][query] POST https://firebasehosting.googleapis.com/v1beta1/projects/329581392709/sites/hamla-a97af/versions/cd3f811d81127a99:populateFiles [none]
[debug] [2023-10-21T11:36:20.930Z] >>> [apiv2][body] POST https://firebasehosting.googleapis.com/v1beta1/projects/329581392709/sites/hamla-a97af/versions/cd3f811d81127a99:populateFiles {"files":{"/3rdpartylicenses.txt":"99f8e140c1462c9d0c8f521f3f4015e379b6112ff5f63c07ff87c3d33cb42ff8","/favicon.ico":"2c19690e9587bae12f419b34d2edeecc76808099540a9c9f4ea6194116cfc8f7","/icons8-search-100.97220c1e77883512.png":"1df0f84198f88ad20b7f5f84fe4c99f6bf3e8f11b54578550b5a080203d5e44f","/index.html":"96730b82733b2f01d0e5c0f98ba10849b0105ff144b3228a44e882c48186f41c","/main.8def171636488be2.js":"ec7971661a5da0f66ad1270a0d89ffafaf75835490c80a1917f3ff80a2a27629","/polyfills.704cc78f430ba43f.js":"bd0a32dd6c1efcba3b300b5a24c49ba7fdba070b03f1a35cf72536089d2ef904","/runtime.80ef616c372d5ed5.js":"805e99acd00ff92c293643721296edbff1f519d6eee0b1266ceb7baaaf388f37","/styles.16a7360e3b740cdf.css":"43cdff62d17a6e7cb4fc0b61722623a999e13168eb58af368160059ee73342e8","/assets/imgs/beautiful-mountains-ratchaprapha-dam-khao-sok-national-park-surat-thani-province-thailand.jpg":"f301b1ecb116f5114034abf7a741e6ffda636882ff28cf64201a1da5650f82c5","/assets/imgs/boatman-punting-boat-river-arashiyama-autumn-season-along-river-kyoto-japan.jpg":"7ef0cc307318e86c324228245d7d399f8d0201ddbd03285e83790868352f7db4","/assets/imgs/Capture d’écran 2023-08-10 090734.png":"7da192fb57f5b06f9d015f0c58da8b7d13c61ccca61da42f14ac169434a6866b","/assets/imgs/cascade-boat-clean-china-natural-rural.jpg":"98d847470657be9f67f0a9d064d1ec469066b216c1cfcb7f42ef7cf1828e2d5a","/assets/imgs/close.png":"ed7d419417d737cbc588828d77c6f2cfc96536bd59fe064db33726d27ed16eb9","/assets/imgs/icons8-list-64.png":"ecda57e18e32769bd0868c6f95ba7405a3345fb9014ae95e2659b93b848be5fd","/assets/imgs/icons8-loading-circle.gif":"a08fbef5a142699272ea1a935a9265d91ce3bc973fc8b48e94619132d9c0842d","/assets/imgs/icons8-search-100.png":"1df0f84198f88ad20b7f5f84fe4c99f6bf3e8f11b54578550b5a080203d5e44f","/assets/imgs/k.png":"6b210fc18d7273b18c6371d985c6e408d8e086c502916209ab707b183dcc25bf","/assets/imgs/seljalandsfoss-waterfall-during-sunset-beautiful-waterfall-iceland.jpg":"d9d304c5b113ee7726ad9cea4177e9690c4bd27d8044900c163319170be61ad6","/assets/imgs/Spinner-1s-200px (1).gif":"47f45d67892442d4daa51eb21dbf5345d8da2e7f771e6544d94206a725fbaa5e","/assets/imgs/Spinner-1s-200px.png":"9047ad5d5c0eadb4a1d814cdd8fcca94c1564bbbedb0ba64ef3da896bec2e188","/assets/imgs/Spinner-1s-200px.svg":"64a0f2bc6e6c43e858d7c713be69427c58a2c7412362ec82f203927bb625d686","/assets/imgs/tranquil-scene-flowing-water-forest-generative-ai.jpg":"4289e477ad3e59c5cb95af0c04a687f6ba858a906d9267012beab19b2f8accf4","/assets/imgs/tranquil-scene-flowing-water-nature-generated-by-ai.jpg":"4ec8bdb3a0c720abfda14c2e56dcbca5946e924e94199896b90557ee8fef3598"}}
[debug] [2023-10-21T11:36:22.032Z] <<< [apiv2][status] POST https://firebasehosting.googleapis.com/v1beta1/projects/329581392709/sites/hamla-a97af/versions/cd3f811d81127a99:populateFiles 200
[debug] [2023-10-21T11:36:22.032Z] <<< [apiv2][body] POST https://firebasehosting.googleapis.com/v1beta1/projects/329581392709/sites/hamla-a97af/versions/cd3f811d81127a99:populateFiles {"uploadRequiredHashes":["d9d304c5b113ee7726ad9cea4177e9690c4bd27d8044900c163319170be61ad6","98d847470657be9f67f0a9d064d1ec469066b216c1cfcb7f42ef7cf1828e2d5a","4ec8bdb3a0c720abfda14c2e56dcbca5946e924e94199896b90557ee8fef3598","f301b1ecb116f5114034abf7a741e6ffda636882ff28cf64201a1da5650f82c5","7ef0cc307318e86c324228245d7d399f8d0201ddbd03285e83790868352f7db4","4289e477ad3e59c5cb95af0c04a687f6ba858a906d9267012beab19b2f8accf4"],"uploadUrl":"https://upload-firebasehosting.googleapis.com/upload/sites/hamla-a97af/versions/cd3f811d81127a99/files"}
[debug] [2023-10-21T11:36:22.041Z] >>> [apiv2][query] POST https://upload-firebasehosting.googleapis.com/upload/sites/hamla-a97af/versions/cd3f811d81127a99/files/d9d304c5b113ee7726ad9cea4177e9690c4bd27d8044900c163319170be61ad6 [none]
[debug] [2023-10-21T11:36:22.041Z] >>> [apiv2][body] POST https://upload-firebasehosting.googleapis.com/upload/sites/hamla-a97af/versions/cd3f811d81127a99/files/d9d304c5b113ee7726ad9cea4177e9690c4bd27d8044900c163319170be61ad6 [stream]
[debug] [2023-10-21T11:36:22.044Z] >>> [apiv2][query] POST https://upload-firebasehosting.googleapis.com/upload/sites/hamla-a97af/versions/cd3f811d81127a99/files/98d847470657be9f67f0a9d064d1ec469066b216c1cfcb7f42ef7cf1828e2d5a [none]
[debug] [2023-10-21T11:36:22.045Z] >>> [apiv2][body] POST https://upload-firebasehosting.googleapis.com/upload/sites/hamla-a97af/versions/cd3f811d81127a99/files/98d847470657be9f67f0a9d064d1ec469066b216c1cfcb7f42ef7cf1828e2d5a [stream]
[debug] [2023-10-21T11:36:22.047Z] >>> [apiv2][query] POST https://upload-firebasehosting.googleapis.com/upload/sites/hamla-a97af/versions/cd3f811d81127a99/files/4ec8bdb3a0c720abfda14c2e56dcbca5946e924e94199896b90557ee8fef3598 [none]
[debug] [2023-10-21T11:36:22.047Z] >>> [apiv2][body] POST https://upload-firebasehosting.googleapis.com/upload/sites/hamla-a97af/versions/cd3f811d81127a99/files/4ec8bdb3a0c720abfda14c2e56dcbca5946e924e94199896b90557ee8fef3598 [stream]
[debug] [2023-10-21T11:36:22.050Z] >>> [apiv2][query] POST https://upload-firebasehosting.googleapis.com/upload/sites/hamla-a97af/versions/cd3f811d81127a99/files/f301b1ecb116f5114034abf7a741e6ffda636882ff28cf64201a1da5650f82c5 [none]
[debug] [2023-10-21T11:36:22.050Z] >>> [apiv2][body] POST https://upload-firebasehosting.googleapis.com/upload/sites/hamla-a97af/versions/cd3f811d81127a99/files/f301b1ecb116f5114034abf7a741e6ffda636882ff28cf64201a1da5650f82c5 [stream]
[debug] [2023-10-21T11:36:22.054Z] >>> [apiv2][query] POST https://upload-firebasehosting.googleapis.com/upload/sites/hamla-a97af/versions/cd3f811d81127a99/files/7ef0cc307318e86c324228245d7d399f8d0201ddbd03285e83790868352f7db4 [none]
[debug] [2023-10-21T11:36:22.054Z] >>> [apiv2][body] POST https://upload-firebasehosting.googleapis.com/upload/sites/hamla-a97af/versions/cd3f811d81127a99/files/7ef0cc307318e86c324228245d7d399f8d0201ddbd03285e83790868352f7db4 [stream]
[debug] [2023-10-21T11:36:22.058Z] >>> [apiv2][query] POST https://upload-firebasehosting.googleapis.com/upload/sites/hamla-a97af/versions/cd3f811d81127a99/files/4289e477ad3e59c5cb95af0c04a687f6ba858a906d9267012beab19b2f8accf4 [none]
[debug] [2023-10-21T11:36:22.058Z] >>> [apiv2][body] POST https://upload-firebasehosting.googleapis.com/upload/sites/hamla-a97af/versions/cd3f811d81127a99/files/4289e477ad3e59c5cb95af0c04a687f6ba858a906d9267012beab19b2f8accf4 [stream]
[debug] [2023-10-21T11:36:22.061Z] [hosting][populate queue][FINAL] {"max":1117,"min":1117,"avg":1117,"active":0,"complete":1,"success":1,"errored":0,"retried":0,"total":1,"elapsed":1137}
[debug] [2023-10-21T11:36:22.062Z] [hosting] uploads queued: 6
[debug] [2023-10-21T11:38:33.311Z] [uploadQueue] Retrying task d9d304c5b113ee7726ad9cea4177e9690c4bd27d8044900c163319170be61ad6
[debug] [2023-10-21T11:38:33.313Z] >>> [apiv2][query] POST https://upload-firebasehosting.googleapis.com/upload/sites/hamla-a97af/versions/cd3f811d81127a99/files/d9d304c5b113ee7726ad9cea4177e9690c4bd27d8044900c163319170be61ad6 [none]
[debug] [2023-10-21T11:38:33.313Z] >>> [apiv2][body] POST https://upload-firebasehosting.googleapis.com/upload/sites/hamla-a97af/versions/cd3f811d81127a99/files/d9d304c5b113ee7726ad9cea4177e9690c4bd27d8044900c163319170be61ad6 [stream]
[debug] [2023-10-21T11:39:05.861Z] [uploadQueue] Retrying task 4289e477ad3e59c5cb95af0c04a687f6ba858a906d9267012beab19b2f8accf4
[debug] [2023-10-21T11:39:05.864Z] >>> [apiv2][query] POST https://upload-firebasehosting.googleapis.com/upload/sites/hamla-a97af/versions/cd3f811d81127a99/files/4289e477ad3e59c5cb95af0c04a687f6ba858a906d9267012beab19b2f8accf4 [none]
[debug] [2023-10-21T11:39:05.864Z] >>> [apiv2][body] POST https://upload-firebasehosting.googleapis.com/upload/sites/hamla-a97af/versions/cd3f811d81127a99/files/4289e477ad3e59c5cb95af0c04a687f6ba858a906d9267012beab19b2f8accf4 [stream]
[debug] [2023-10-21T20:17:57.774Z] ----------------------------------------------------------------------
[debug] [2023-10-21T20:17:57.782Z] Command:       C:\Program Files\nodejs\node.exe C:\Users\touzi\AppData\Roaming\npm\node_modules\firebase-tools\lib\bin\firebase.js deploy
[debug] [2023-10-21T20:17:57.783Z] CLI Version:   12.7.0
[debug] [2023-10-21T20:17:57.784Z] Platform:      win32
[debug] [2023-10-21T20:17:57.785Z] Node Version:  v18.14.2
[debug] [2023-10-21T20:17:57.796Z] Time:          Sat Oct 21 2023 21:17:57 GMT+0100 (heure normale d’Afrique de l’Ouest)
[debug] [2023-10-21T20:17:57.797Z] ----------------------------------------------------------------------
[debug] 
[debug] [2023-10-21T20:17:57.802Z] >>> [apiv2][query] GET https://firebase-public.firebaseio.com/cli.json [none]
[debug] [2023-10-21T20:17:58.060Z] > command requires scopes: ["email","openid","https://www.googleapis.com/auth/cloudplatformprojects.readonly","https://www.googleapis.com/auth/firebase","https://www.googleapis.com/auth/cloud-platform"]
[debug] [2023-10-21T20:17:58.061Z] > authorizing via signed-in user (rayen3touzi@gmail.com)
[debug] [2023-10-21T20:17:58.061Z] [iam] checking project hamla-a97af for permissions ["firebase.projects.get","firebasehosting.sites.update"]
[debug] [2023-10-21T20:17:58.063Z] > refreshing access token with scopes: []
[debug] [2023-10-21T20:17:58.064Z] >>> [apiv2][query] POST https://www.googleapis.com/oauth2/v3/token [none]
[debug] [2023-10-21T20:17:58.065Z] >>> [apiv2][body] POST https://www.googleapis.com/oauth2/v3/token [omitted]
[debug] [2023-10-21T20:17:58.373Z] <<< [apiv2][status] POST https://www.googleapis.com/oauth2/v3/token 200
[debug] [2023-10-21T20:17:58.374Z] <<< [apiv2][body] POST https://www.googleapis.com/oauth2/v3/token [omitted]
[debug] [2023-10-21T20:17:58.389Z] >>> [apiv2][query] POST https://cloudresourcemanager.googleapis.com/v1/projects/hamla-a97af:testIamPermissions [none]
[debug] [2023-10-21T20:17:58.390Z] >>> [apiv2][(partial)header] POST https://cloudresourcemanager.googleapis.com/v1/projects/hamla-a97af:testIamPermissions x-goog-quota-user=projects/hamla-a97af
[debug] [2023-10-21T20:17:58.390Z] >>> [apiv2][body] POST https://cloudresourcemanager.googleapis.com/v1/projects/hamla-a97af:testIamPermissions {"permissions":["firebase.projects.get","firebasehosting.sites.update"]}
[debug] [2023-10-21T20:17:58.501Z] <<< [apiv2][status] GET https://firebase-public.firebaseio.com/cli.json 200
[debug] [2023-10-21T20:17:58.502Z] <<< [apiv2][body] GET https://firebase-public.firebaseio.com/cli.json {"cloudBuildErrorAfter":1594252800000,"cloudBuildWarnAfter":1590019200000,"defaultNode10After":1594252800000,"minVersion":"3.0.5","node8DeploysDisabledAfter":1613390400000,"node8RuntimeDisabledAfter":1615809600000,"node8WarnAfter":1600128000000}
[debug] [2023-10-21T20:17:59.603Z] <<< [apiv2][status] POST https://cloudresourcemanager.googleapis.com/v1/projects/hamla-a97af:testIamPermissions 200
[debug] [2023-10-21T20:17:59.603Z] <<< [apiv2][body] POST https://cloudresourcemanager.googleapis.com/v1/projects/hamla-a97af:testIamPermissions {"permissions":["firebase.projects.get","firebasehosting.sites.update"]}
[debug] [2023-10-21T20:17:59.605Z] >>> [apiv2][query] GET https://firebase.googleapis.com/v1beta1/projects/hamla-a97af [none]
[debug] [2023-10-21T20:18:00.338Z] <<< [apiv2][status] GET https://firebase.googleapis.com/v1beta1/projects/hamla-a97af 200
[debug] [2023-10-21T20:18:00.338Z] <<< [apiv2][body] GET https://firebase.googleapis.com/v1beta1/projects/hamla-a97af {"projectId":"hamla-a97af","projectNumber":"329581392709","displayName":"hamla","name":"projects/hamla-a97af","resources":{"hostingSite":"hamla-a97af"},"state":"ACTIVE","etag":"1_1a01a497-28af-4545-99f2-3d3f8830fc4e"}
[info] 
[info] === Deploying to 'hamla-a97af'...
[info] 
[info] i  deploying hosting 
[debug] [2023-10-21T20:18:00.367Z] >>> [apiv2][query] POST https://firebasehosting.googleapis.com/v1beta1/projects/-/sites/hamla-a97af/versions [none]
[debug] [2023-10-21T20:18:00.368Z] >>> [apiv2][body] POST https://firebasehosting.googleapis.com/v1beta1/projects/-/sites/hamla-a97af/versions {"status":"CREATED","labels":{"deployment-tool":"cli-firebase"}}
[debug] [2023-10-21T20:18:02.506Z] <<< [apiv2][status] POST https://firebasehosting.googleapis.com/v1beta1/projects/-/sites/hamla-a97af/versions 200
[debug] [2023-10-21T20:18:02.506Z] <<< [apiv2][body] POST https://firebasehosting.googleapis.com/v1beta1/projects/-/sites/hamla-a97af/versions {"name":"projects/329581392709/sites/hamla-a97af/versions/1c482cab4e6d3bd6","status":"CREATED","config":{},"labels":{"deployment-tool":"cli-firebase"}}
[info] i  hosting[hamla-a97af]: beginning deploy... 
[info] i  hosting[hamla-a97af]: found 23 files in dist 
[debug] [2023-10-21T20:18:02.546Z] [hosting] uploading with 200 concurrency
[debug] [2023-10-21T20:18:02.574Z] [hosting] hash cache [ZGlzdA] stored for 23 files
[debug] [2023-10-21T20:18:02.574Z] [hosting][hash queue][FINAL] {"max":6,"min":3,"avg":3,"active":0,"complete":23,"success":23,"errored":0,"retried":0,"total":23,"elapsed":17}
[debug] [2023-10-21T20:18:02.575Z] >>> [apiv2][query] POST https://firebasehosting.googleapis.com/v1beta1/projects/329581392709/sites/hamla-a97af/versions/1c482cab4e6d3bd6:populateFiles [none]
[debug] [2023-10-21T20:18:02.575Z] >>> [apiv2][body] POST https://firebasehosting.googleapis.com/v1beta1/projects/329581392709/sites/hamla-a97af/versions/1c482cab4e6d3bd6:populateFiles {"files":{"/3rdpartylicenses.txt":"99f8e140c1462c9d0c8f521f3f4015e379b6112ff5f63c07ff87c3d33cb42ff8","/favicon.ico":"2c19690e9587bae12f419b34d2edeecc76808099540a9c9f4ea6194116cfc8f7","/icons8-search-100.97220c1e77883512.png":"1df0f84198f88ad20b7f5f84fe4c99f6bf3e8f11b54578550b5a080203d5e44f","/index.html":"96730b82733b2f01d0e5c0f98ba10849b0105ff144b3228a44e882c48186f41c","/main.8def171636488be2.js":"ec7971661a5da0f66ad1270a0d89ffafaf75835490c80a1917f3ff80a2a27629","/polyfills.704cc78f430ba43f.js":"bd0a32dd6c1efcba3b300b5a24c49ba7fdba070b03f1a35cf72536089d2ef904","/runtime.80ef616c372d5ed5.js":"805e99acd00ff92c293643721296edbff1f519d6eee0b1266ceb7baaaf388f37","/styles.16a7360e3b740cdf.css":"43cdff62d17a6e7cb4fc0b61722623a999e13168eb58af368160059ee73342e8","/assets/imgs/beautiful-mountains-ratchaprapha-dam-khao-sok-national-park-surat-thani-province-thailand.jpg":"f301b1ecb116f5114034abf7a741e6ffda636882ff28cf64201a1da5650f82c5","/assets/imgs/boatman-punting-boat-river-arashiyama-autumn-season-along-river-kyoto-japan.jpg":"7ef0cc307318e86c324228245d7d399f8d0201ddbd03285e83790868352f7db4","/assets/imgs/Capture d’écran 2023-08-10 090734.png":"7da192fb57f5b06f9d015f0c58da8b7d13c61ccca61da42f14ac169434a6866b","/assets/imgs/cascade-boat-clean-china-natural-rural.jpg":"98d847470657be9f67f0a9d064d1ec469066b216c1cfcb7f42ef7cf1828e2d5a","/assets/imgs/close.png":"ed7d419417d737cbc588828d77c6f2cfc96536bd59fe064db33726d27ed16eb9","/assets/imgs/icons8-list-64.png":"ecda57e18e32769bd0868c6f95ba7405a3345fb9014ae95e2659b93b848be5fd","/assets/imgs/icons8-loading-circle.gif":"a08fbef5a142699272ea1a935a9265d91ce3bc973fc8b48e94619132d9c0842d","/assets/imgs/icons8-search-100.png":"1df0f84198f88ad20b7f5f84fe4c99f6bf3e8f11b54578550b5a080203d5e44f","/assets/imgs/k.png":"6b210fc18d7273b18c6371d985c6e408d8e086c502916209ab707b183dcc25bf","/assets/imgs/seljalandsfoss-waterfall-during-sunset-beautiful-waterfall-iceland.jpg":"d9d304c5b113ee7726ad9cea4177e9690c4bd27d8044900c163319170be61ad6","/assets/imgs/Spinner-1s-200px (1).gif":"47f45d67892442d4daa51eb21dbf5345d8da2e7f771e6544d94206a725fbaa5e","/assets/imgs/Spinner-1s-200px.png":"9047ad5d5c0eadb4a1d814cdd8fcca94c1564bbbedb0ba64ef3da896bec2e188","/assets/imgs/Spinner-1s-200px.svg":"64a0f2bc6e6c43e858d7c713be69427c58a2c7412362ec82f203927bb625d686","/assets/imgs/tranquil-scene-flowing-water-forest-generative-ai.jpg":"4289e477ad3e59c5cb95af0c04a687f6ba858a906d9267012beab19b2f8accf4","/assets/imgs/tranquil-scene-flowing-water-nature-generated-by-ai.jpg":"4ec8bdb3a0c720abfda14c2e56dcbca5946e924e94199896b90557ee8fef3598"}}
[debug] [2023-10-21T20:18:03.742Z] <<< [apiv2][status] POST https://firebasehosting.googleapis.com/v1beta1/projects/329581392709/sites/hamla-a97af/versions/1c482cab4e6d3bd6:populateFiles 200
[debug] [2023-10-21T20:18:03.743Z] <<< [apiv2][body] POST https://firebasehosting.googleapis.com/v1beta1/projects/329581392709/sites/hamla-a97af/versions/1c482cab4e6d3bd6:populateFiles {"uploadRequiredHashes":["f301b1ecb116f5114034abf7a741e6ffda636882ff28cf64201a1da5650f82c5","d9d304c5b113ee7726ad9cea4177e9690c4bd27d8044900c163319170be61ad6","4ec8bdb3a0c720abfda14c2e56dcbca5946e924e94199896b90557ee8fef3598","98d847470657be9f67f0a9d064d1ec469066b216c1cfcb7f42ef7cf1828e2d5a","4289e477ad3e59c5cb95af0c04a687f6ba858a906d9267012beab19b2f8accf4","7ef0cc307318e86c324228245d7d399f8d0201ddbd03285e83790868352f7db4"],"uploadUrl":"https://upload-firebasehosting.googleapis.com/upload/sites/hamla-a97af/versions/1c482cab4e6d3bd6/files"}
[debug] [2023-10-21T20:18:03.774Z] >>> [apiv2][query] POST https://upload-firebasehosting.googleapis.com/upload/sites/hamla-a97af/versions/1c482cab4e6d3bd6/files/f301b1ecb116f5114034abf7a741e6ffda636882ff28cf64201a1da5650f82c5 [none]
[debug] [2023-10-21T20:18:03.775Z] >>> [apiv2][body] POST https://upload-firebasehosting.googleapis.com/upload/sites/hamla-a97af/versions/1c482cab4e6d3bd6/files/f301b1ecb116f5114034abf7a741e6ffda636882ff28cf64201a1da5650f82c5 [stream]
[debug] [2023-10-21T20:18:03.780Z] >>> [apiv2][query] POST https://upload-firebasehosting.googleapis.com/upload/sites/hamla-a97af/versions/1c482cab4e6d3bd6/files/d9d304c5b113ee7726ad9cea4177e9690c4bd27d8044900c163319170be61ad6 [none]
[debug] [2023-10-21T20:18:03.780Z] >>> [apiv2][body] POST https://upload-firebasehosting.googleapis.com/upload/sites/hamla-a97af/versions/1c482cab4e6d3bd6/files/d9d304c5b113ee7726ad9cea4177e9690c4bd27d8044900c163319170be61ad6 [stream]
[debug] [2023-10-21T20:18:03.788Z] >>> [apiv2][query] POST https://upload-firebasehosting.googleapis.com/upload/sites/hamla-a97af/versions/1c482cab4e6d3bd6/files/4ec8bdb3a0c720abfda14c2e56dcbca5946e924e94199896b90557ee8fef3598 [none]
[debug] [2023-10-21T20:18:03.788Z] >>> [apiv2][body] POST https://upload-firebasehosting.googleapis.com/upload/sites/hamla-a97af/versions/1c482cab4e6d3bd6/files/4ec8bdb3a0c720abfda14c2e56dcbca5946e924e94199896b90557ee8fef3598 [stream]
[debug] [2023-10-21T20:18:03.791Z] >>> [apiv2][query] POST https://upload-firebasehosting.googleapis.com/upload/sites/hamla-a97af/versions/1c482cab4e6d3bd6/files/98d847470657be9f67f0a9d064d1ec469066b216c1cfcb7f42ef7cf1828e2d5a [none]
[debug] [2023-10-21T20:18:03.792Z] >>> [apiv2][body] POST https://upload-firebasehosting.googleapis.com/upload/sites/hamla-a97af/versions/1c482cab4e6d3bd6/files/98d847470657be9f67f0a9d064d1ec469066b216c1cfcb7f42ef7cf1828e2d5a [stream]
[debug] [2023-10-21T20:18:03.795Z] >>> [apiv2][query] POST https://upload-firebasehosting.googleapis.com/upload/sites/hamla-a97af/versions/1c482cab4e6d3bd6/files/4289e477ad3e59c5cb95af0c04a687f6ba858a906d9267012beab19b2f8accf4 [none]
[debug] [2023-10-21T20:18:03.796Z] >>> [apiv2][body] POST https://upload-firebasehosting.googleapis.com/upload/sites/hamla-a97af/versions/1c482cab4e6d3bd6/files/4289e477ad3e59c5cb95af0c04a687f6ba858a906d9267012beab19b2f8accf4 [stream]
[debug] [2023-10-21T20:18:03.799Z] >>> [apiv2][query] POST https://upload-firebasehosting.googleapis.com/upload/sites/hamla-a97af/versions/1c482cab4e6d3bd6/files/7ef0cc307318e86c324228245d7d399f8d0201ddbd03285e83790868352f7db4 [none]
[debug] [2023-10-21T20:18:03.799Z] >>> [apiv2][body] POST https://upload-firebasehosting.googleapis.com/upload/sites/hamla-a97af/versions/1c482cab4e6d3bd6/files/7ef0cc307318e86c324228245d7d399f8d0201ddbd03285e83790868352f7db4 [stream]
[debug] [2023-10-21T20:18:03.802Z] [hosting][populate queue][FINAL] {"max":1206,"min":1206,"avg":1206,"active":0,"complete":1,"success":1,"errored":0,"retried":0,"total":1,"elapsed":1236}
[debug] [2023-10-21T20:18:03.802Z] [hosting] uploads queued: 6
